<?xml version="1.0" encoding="UTF-8" ?>
<testsuite tests="7" failures="1" name="TestSuite" time="1.952" errors="0" skipped="5">
  <properties>
[...]
</properties>
  <testcase classname="Btjf_API.CAPI.Test.MyTransTest" name="testA" time="0.017">
    <skipped/>
  </testcase>
  <testcase classname="Btjf_API.CAPI.Test.MyTransTest" name="testA" time="0.001">
    <skipped/>
  </testcase>
  <testcase classname="Btjf_API.CAPI.Test.MyTransTest" name="testA" time="0"/>
  <testcase classname="Btjf_API.CAPI.Test.MyTransTest" name="testB" time="0.001">
    <skipped/>
  </testcase>
  <testcase classname="Btjf_API.CAPI.Test.MyTransTest" name="testB" time="0.001">
    <skipped/>
  </testcase>
  <testcase classname="Btjf_API.CAPI.Test.MyTransTest" name="testB" time="0.001">
    <skipped/>
  </testcase>
  <testcase classname="Btjf_API.CAPI.Test.MyTransTest" name="testB" time="0.002">
    <failure message="expected [3] but found [2]" type="java.lang.AssertionError">java.lang.AssertionError: expected [3] but found [2]
	at org.testng.Assert.fail(Assert.java:94)
	at org.testng.Assert.failNotEquals(Assert.java:513)
	at org.testng.Assert.assertEqualsImpl(Assert.java:135)
	at org.testng.Assert.assertEquals(Assert.java:116)
	at org.testng.Assert.assertEquals(Assert.java:190)
	at org.testng.Assert.assertEquals(Assert.java:200)
	at Btjf_API.CAPI.Test.MyTransTest.testB(MyTransTest.java:51)
</failure>
  </testcase>
</testsuite>